Mono path[0] = 'V:/Downloads/FlipWitch Forbidden Sex Hex/SteamBuild1.4/NormalMode/FlipWitch_Data/Managed'
Mono config path = 'V:/Downloads/FlipWitch Forbidden Sex Hex/SteamBuild1.4/NormalMode/MonoBleedingEdge/etc'
Initialize engine version: 2021.2.9f1 (921b45a28ab6)
[Subsystems] Discovering subsystems at path V:/Downloads/FlipWitch Forbidden Sex Hex/SteamBuild1.4/NormalMode/FlipWitch_Data/UnitySubsystems
GfxDevice: creating device client; threaded=1; jobified=0
Direct3D:
    Version:  Direct3D 11.0 [level 11.1]
    Renderer: NVIDIA GeForce RTX 3060 (ID=0x2504)
    Vendor:   NVIDIA
    VRAM:     12256 MB
    Driver:   31.0.21902.5
Begin MonoManager ReloadAssembly
- Completed reload, in  0.229 seconds
<RI> Initializing input.
New input system (experimental) initialized
<RI> Initialized touch support.
UnloadTime: 0.678300 ms
WwiseUnity: Wwise(R) SDK Version 2021.1.6 Build 7774.
WwiseUnity: Setting Plugin DLL path to: V:/Downloads/FlipWitch Forbidden Sex Hex/SteamBuild1.4/NormalMode/FlipWitch_Data\Plugins\x86_64
WwiseUnity: Sound engine initialized successfully.
[Steamworks.NET] SteamAPI_Init() failed. Refer to Valve's documentation or the comment above this line for more information.
Unloading 7 Unused Serialized files (Serialized files now loaded: 0)
UnloadTime: 20.430900 ms
Unloading 255 unused Assets to reduce memory usage. Loaded Objects now: 46464.
Total: 20.328800 ms (FindLiveObjects: 3.511200 ms CreateObjectMapping: 4.514600 ms MarkObjects: 11.929300 ms  DeleteObjects: 0.372900 ms)

Saving to slot: C:/users/steamuser/AppData/LocalLow/MomoGames/FlipWitch\player_0.fun
Unloading 5 Unused Serialized files (Serialized files now loaded: 0)
UnloadTime: 19.471400 ms
Unloading 4420 unused Assets to reduce memory usage. Loaded Objects now: 48994.
Total: 21.359700 ms (FindLiveObjects: 3.140500 ms CreateObjectMapping: 2.837400 ms MarkObjects: 11.049800 ms  DeleteObjects: 4.331000 ms)

TP_Beatrix: True
TP_WitchyWoods: True
TP_GoblinCaves: True
TP_SpiritCity: True
TP_ShadyAlley: True
TP_GhostCastleEntrance: True
TP_GhostCastle: True
TP_Jigoku2_MiniBridge: True
TP_ClubDemon: True
TP_Tengoku: True
TP_AngelicHallway: True
TP_FungalForest: True
TP_SlimeCitadel: True
TP_SlimyDepths: True
TP_UmiUmi: True
TP_ChaosCastle: True
Saving to slot: C:/users/steamuser/AppData/LocalLow/MomoGames/FlipWitch\player_0.fun
Saving to slot: C:/users/steamuser/AppData/LocalLow/MomoGames/FlipWitch\player_0.fun
Animator.GotoState: State could not be found
Invalid Layer Index '-1'
Saving to slot: C:/users/steamuser/AppData/LocalLow/MomoGames/FlipWitch\player_0.fun
Unloading 6 Unused Serialized files (Serialized files now loaded: 0)
UnloadTime: 7.334600 ms
Unloading 2294 unused Assets to reduce memory usage. Loaded Objects now: 47284.
Total: 24.728400 ms (FindLiveObjects: 3.304000 ms CreateObjectMapping: 2.930400 ms MarkObjects: 14.013900 ms  DeleteObjects: 4.478900 ms)

Unloading 5 Unused Serialized files (Serialized files now loaded: 0)
UnloadTime: 18.539000 ms
Unloading 4420 unused Assets to reduce memory usage. Loaded Objects now: 49023.
Total: 24.756000 ms (FindLiveObjects: 3.263100 ms CreateObjectMapping: 3.361900 ms MarkObjects: 14.366400 ms  DeleteObjects: 3.763800 ms)

Animator.GotoState: State could not be found
Invalid Layer Index '-1'
TRIGGERED: LevelData
TRIGGERED: LevelData
TRIGGERED: LevelData
TRIGGERED: LevelData
TRIGGERED: LevelData
TRIGGERED: Grid
TRIGGERED: Grid
TRIGGERED: World
TRIGGERED: World
TRIGGERED: LevelData
TRIGGERED: LevelData
TRIGGERED: LevelData
TRIGGERED: player
TRIGGERED: Switch Database
TRIGGERED: Switch Database
TRIGGERED: player
TRIGGERED: Switch Database
TRIGGERED: player
TRIGGERED: player
UNTRIGGERED: Switch Database
UNTRIGGERED: player
UNTRIGGERED: Switch Database
UNTRIGGERED: player
UNTRIGGERED: Switch Database
UNTRIGGERED: player
UNTRIGGERED: player
UNTRIGGERED: LevelData
UNTRIGGERED: LevelData
UNTRIGGERED: LevelData
UNTRIGGERED: LevelData
UNTRIGGERED: Grid
UNTRIGGERED: World
UNTRIGGERED: LevelData
UNTRIGGERED: Grid
UNTRIGGERED: World
UNTRIGGERED: LevelData
UNTRIGGERED: LevelData
UNTRIGGERED: LevelData
Animator.GotoState: State could not be found
Invalid Layer Index '-1'
Animator.GotoState: State could not be found
Invalid Layer Index '-1'
Saving to slot: C:/users/steamuser/AppData/LocalLow/MomoGames/FlipWitch\player_0.fun
Saving to slot: C:/users/steamuser/AppData/LocalLow/MomoGames/FlipWitch\player_0.fun
Saving to slot: C:/users/steamuser/AppData/LocalLow/MomoGames/FlipWitch\player_0.fun
Saving to slot: C:/users/steamuser/AppData/LocalLow/MomoGames/FlipWitch\player_0.fun
Saving to slot: C:/users/steamuser/AppData/LocalLow/MomoGames/FlipWitch\player_0.fun
Saving to slot: C:/users/steamuser/AppData/LocalLow/MomoGames/FlipWitch\player_0.fun
TP_Beatrix: True
TP_WitchyWoods: True
TP_GoblinCaves: True
TP_SpiritCity: True
TP_ShadyAlley: True
TP_GhostCastleEntrance: True
TP_GhostCastle: True
TP_Jigoku2_MiniBridge: True
TP_ClubDemon: True
TP_Tengoku: True
TP_AngelicHallway: True
TP_FungalForest: True
TP_SlimeCitadel: True
TP_SlimyDepths: True
TP_UmiUmi: True
TP_ChaosCastle: True
Unloading 6 Unused Serialized files (Serialized files now loaded: 0)
UnloadTime: 4.326500 ms
Unloading 2361 unused Assets to reduce memory usage. Loaded Objects now: 47329.
Total: 16.238500 ms (FindLiveObjects: 3.908300 ms CreateObjectMapping: 3.402300 ms MarkObjects: 6.034000 ms  DeleteObjects: 2.893000 ms)

Saving to slot: C:/users/steamuser/AppData/LocalLow/MomoGames/FlipWitch\player_0.fun
MomoBotRewardFemale1
SexualExperienceCount: 40
Saving to slot: C:/users/steamuser/AppData/LocalLow/MomoGames/FlipWitch\player_0.fun
Unloading 7 Unused Serialized files (Serialized files now loaded: 0)
UnloadTime: 25.631100 ms
Unloading 4432 unused Assets to reduce memory usage. Loaded Objects now: 46965.
Total: 20.379900 ms (FindLiveObjects: 2.733100 ms CreateObjectMapping: 2.864700 ms MarkObjects: 10.043700 ms  DeleteObjects: 4.737700 ms)

Unloading 6 Unused Serialized files (Serialized files now loaded: 0)
UnloadTime: 5.573300 ms
Unloading 2107 unused Assets to reduce memory usage. Loaded Objects now: 47387.
Total: 14.559600 ms (FindLiveObjects: 3.109900 ms CreateObjectMapping: 3.331300 ms MarkObjects: 6.630300 ms  DeleteObjects: 1.487400 ms)

Saving to slot: C:/users/steamuser/AppData/LocalLow/MomoGames/FlipWitch\player_0.fun
Saving to slot: C:/users/steamuser/AppData/LocalLow/MomoGames/FlipWitch\player_0.fun
Animator.GotoState: State could not be found
Invalid Layer Index '-1'
Saving to slot: C:/users/steamuser/AppData/LocalLow/MomoGames/FlipWitch\player_0.fun
Saving to slot: C:/users/steamuser/AppData/LocalLow/MomoGames/FlipWitch\player_0.fun
Saving to slot: C:/users/steamuser/AppData/LocalLow/MomoGames/FlipWitch\player_0.fun
Saving to slot: C:/users/steamuser/AppData/LocalLow/MomoGames/FlipWitch\player_0.fun
Saving to slot: C:/users/steamuser/AppData/LocalLow/MomoGames/FlipWitch\player_0.fun
Saving to slot: C:/users/steamuser/AppData/LocalLow/MomoGames/FlipWitch\player_0.fun
Saving to slot: C:/users/steamuser/AppData/LocalLow/MomoGames/FlipWitch\player_0.fun
Unloading 9 Unused Serialized files (Serialized files now loaded: 0)
UnloadTime: 5.131200 ms
Unloading 4435 unused Assets to reduce memory usage. Loaded Objects now: 47588.
Total: 15.125900 ms (FindLiveObjects: 2.766700 ms CreateObjectMapping: 2.154900 ms MarkObjects: 6.656000 ms  DeleteObjects: 3.547500 ms)

Saving to slot: C:/users/steamuser/AppData/LocalLow/MomoGames/FlipWitch\player_0.fun
Saving to slot: C:/users/steamuser/AppData/LocalLow/MomoGames/FlipWitch\player_0.fun
Saving to slot: C:/users/steamuser/AppData/LocalLow/MomoGames/FlipWitch\player_0.fun
Animator.GotoState: State could not be found
Invalid Layer Index '-1'
Saving to slot: C:/users/steamuser/AppData/LocalLow/MomoGames/FlipWitch\player_0.fun
Saving to slot: C:/users/steamuser/AppData/LocalLow/MomoGames/FlipWitch\player_0.fun
Saving to slot: C:/users/steamuser/AppData/LocalLow/MomoGames/FlipWitch\player_0.fun
Saving to slot: C:/users/steamuser/AppData/LocalLow/MomoGames/FlipWitch\player_0.fun
Saving to slot: C:/users/steamuser/AppData/LocalLow/MomoGames/FlipWitch\player_0.fun
Saving to slot: C:/users/steamuser/AppData/LocalLow/MomoGames/FlipWitch\player_0.fun
Saving to slot: C:/users/steamuser/AppData/LocalLow/MomoGames/FlipWitch\player_0.fun
Saving to slot: C:/users/steamuser/AppData/LocalLow/MomoGames/FlipWitch\player_0.fun
TP_Beatrix: True
TP_WitchyWoods: True
TP_GoblinCaves: True
TP_SpiritCity: True
TP_ShadyAlley: True
TP_GhostCastleEntrance: True
TP_GhostCastle: True
TP_Jigoku2_MiniBridge: True
TP_ClubDemon: True
TP_Tengoku: True
TP_AngelicHallway: True
TP_FungalForest: True
TP_SlimeCitadel: True
TP_SlimyDepths: True
TP_UmiUmi: True
TP_ChaosCastle: True
Unloading 8 Unused Serialized files (Serialized files now loaded: 0)
UnloadTime: 29.731900 ms
Unloading 2962 unused Assets to reduce memory usage. Loaded Objects now: 54629.
Total: 15.640300 ms (FindLiveObjects: 2.639700 ms CreateObjectMapping: 2.080800 ms MarkObjects: 8.889400 ms  DeleteObjects: 2.029800 ms)

NullReferenceException
  at (wrapper managed-to-native) UnityEngine.Component.get_gameObject(UnityEngine.Component)
  at PlayAudioOnCameraEnter.SoundStoppedCallback (System.Object inCookie, AkCallbackType callType, System.Object inInfo) [0x0000d] in <1e5f15723ac74af0aea21c4da8efc70b>:0 
  at AkCallbackManager.PostCallbacks () [0x0037b] in <90119bdabb614133af832e9fad6f169a>:0 
  at AkSoundEngineController.LateUpdate () [0x0000a] in <2818bbe37021492590c22a036a9d4798>:0 
  at AkInitializer.LateUpdate () [0x00012] in <2818bbe37021492590c22a036a9d4798>:0 

NullReferenceException
  at (wrapper managed-to-native) UnityEngine.Component.get_gameObject(UnityEngine.Component)
  at PlayAudioOnCameraEnter.SoundStoppedCallback (System.Object inCookie, AkCallbackType callType, System.Object inInfo) [0x0000d] in <1e5f15723ac74af0aea21c4da8efc70b>:0 
  at AkCallbackManager.PostCallbacks () [0x0037b] in <90119bdabb614133af832e9fad6f169a>:0 
  at AkSoundEngineController.LateUpdate () [0x0000a] in <2818bbe37021492590c22a036a9d4798>:0 
  at AkInitializer.LateUpdate () [0x00012] in <2818bbe37021492590c22a036a9d4798>:0 

Saving to slot: C:/users/steamuser/AppData/LocalLow/MomoGames/FlipWitch\player_0.fun
Unloading 7 Unused Serialized files (Serialized files now loaded: 0)
UnloadTime: 8.922500 ms
Unloading 3197 unused Assets to reduce memory usage. Loaded Objects now: 46968.
Total: 13.523500 ms (FindLiveObjects: 3.034500 ms CreateObjectMapping: 2.024000 ms MarkObjects: 6.479200 ms  DeleteObjects: 1.985400 ms)

Unloading 11 Unused Serialized files (Serialized files now loaded: 0)
UnloadTime: 53.382600 ms
Unloading 3163 unused Assets to reduce memory usage. Loaded Objects now: 42603.
Total: 13.293500 ms (FindLiveObjects: 2.188900 ms CreateObjectMapping: 1.716400 ms MarkObjects: 6.363400 ms  DeleteObjects: 3.024100 ms)

Saving to slot: C:/users/steamuser/AppData/LocalLow/MomoGames/FlipWitch\player_0.fun
TP_Beatrix: True
TP_WitchyWoods: True
TP_GoblinCaves: True
TP_SpiritCity: True
TP_ShadyAlley: True
TP_GhostCastleEntrance: True
TP_GhostCastle: True
TP_Jigoku2_MiniBridge: True
TP_ClubDemon: True
TP_Tengoku: True
TP_AngelicHallway: True
TP_FungalForest: True
TP_SlimeCitadel: True
TP_SlimyDepths: True
TP_UmiUmi: True
TP_ChaosCastle: True
NullReferenceException: Object reference not set to an instance of an object
  at AttackZone.OnTriggerEnter2D (UnityEngine.Collider2D collision) [0x0001c] in <1e5f15723ac74af0aea21c4da8efc70b>:0 

NullReferenceException: Object reference not set to an instance of an object
  at AttackZone.OnTriggerEnter2D (UnityEngine.Collider2D collision) [0x0001c] in <1e5f15723ac74af0aea21c4da8efc70b>:0 

NullReferenceException: Object reference not set to an instance of an object
  at AttackZone.OnTriggerEnter2D (UnityEngine.Collider2D collision) [0x0001c] in <1e5f15723ac74af0aea21c4da8efc70b>:0 

Saving to slot: C:/users/steamuser/AppData/LocalLow/MomoGames/FlipWitch\player_0.fun
NullReferenceException: Object reference not set to an instance of an object
  at AttackZone.OnTriggerEnter2D (UnityEngine.Collider2D collision) [0x0001c] in <1e5f15723ac74af0aea21c4da8efc70b>:0 

NullReferenceException: Object reference not set to an instance of an object
  at AttackZone.OnTriggerEnter2D (UnityEngine.Collider2D collision) [0x0001c] in <1e5f15723ac74af0aea21c4da8efc70b>:0 

NullReferenceException: Object reference not set to an instance of an object
  at AttackZone.OnTriggerEnter2D (UnityEngine.Collider2D collision) [0x0001c] in <1e5f15723ac74af0aea21c4da8efc70b>:0 

NullReferenceException: Object reference not set to an instance of an object
  at AttackZone.OnTriggerEnter2D (UnityEngine.Collider2D collision) [0x0001c] in <1e5f15723ac74af0aea21c4da8efc70b>:0 

NullReferenceException: Object reference not set to an instance of an object
  at AttackZone.OnTriggerEnter2D (UnityEngine.Collider2D collision) [0x0001c] in <1e5f15723ac74af0aea21c4da8efc70b>:0 

NullReferenceException: Object reference not set to an instance of an object
  at AttackZone.OnTriggerEnter2D (UnityEngine.Collider2D collision) [0x0001c] in <1e5f15723ac74af0aea21c4da8efc70b>:0 

Saving to slot: C:/users/steamuser/AppData/LocalLow/MomoGames/FlipWitch\player_0.fun
NullReferenceException: Object reference not set to an instance of an object
  at AttackZone.OnTriggerEnter2D (UnityEngine.Collider2D collision) [0x0001c] in <1e5f15723ac74af0aea21c4da8efc70b>:0 

NullReferenceException: Object reference not set to an instance of an object
  at AttackZone.OnTriggerEnter2D (UnityEngine.Collider2D collision) [0x0001c] in <1e5f15723ac74af0aea21c4da8efc70b>:0 

NullReferenceException: Object reference not set to an instance of an object
  at AttackZone.OnTriggerEnter2D (UnityEngine.Collider2D collision) [0x0001c] in <1e5f15723ac74af0aea21c4da8efc70b>:0 

NullReferenceException: Object reference not set to an instance of an object
  at AttackZone.OnTriggerEnter2D (UnityEngine.Collider2D collision) [0x0001c] in <1e5f15723ac74af0aea21c4da8efc70b>:0 

NullReferenceException: Object reference not set to an instance of an object
  at AttackZone.OnTriggerEnter2D (UnityEngine.Collider2D collision) [0x0001c] in <1e5f15723ac74af0aea21c4da8efc70b>:0 

NullReferenceException: Object reference not set to an instance of an object
  at AttackZone.OnTriggerEnter2D (UnityEngine.Collider2D collision) [0x0001c] in <1e5f15723ac74af0aea21c4da8efc70b>:0 

NullReferenceException: Object reference not set to an instance of an object
  at AttackZone.OnTriggerEnter2D (UnityEngine.Collider2D collision) [0x0001c] in <1e5f15723ac74af0aea21c4da8efc70b>:0 

NullReferenceException: Object reference not set to an instance of an object
  at AttackZone.OnTriggerEnter2D (UnityEngine.Collider2D collision) [0x0001c] in <1e5f15723ac74af0aea21c4da8efc70b>:0 

Saving to slot: C:/users/steamuser/AppData/LocalLow/MomoGames/FlipWitch\player_0.fun
Saving to slot: C:/users/steamuser/AppData/LocalLow/MomoGames/FlipWitch\player_0.fun
NullReferenceException: Object reference not set to an instance of an object
  at AttackZone.OnTriggerEnter2D (UnityEngine.Collider2D collision) [0x0001c] in <1e5f15723ac74af0aea21c4da8efc70b>:0 

NullReferenceException: Object reference not set to an instance of an object
  at AttackZone.OnTriggerEnter2D (UnityEngine.Collider2D collision) [0x0001c] in <1e5f15723ac74af0aea21c4da8efc70b>:0 

NullReferenceException: Object reference not set to an instance of an object
  at AttackZone.OnTriggerEnter2D (UnityEngine.Collider2D collision) [0x0001c] in <1e5f15723ac74af0aea21c4da8efc70b>:0 

NullReferenceException: Object reference not set to an instance of an object
  at AttackZone.OnTriggerEnter2D (UnityEngine.Collider2D collision) [0x0001c] in <1e5f15723ac74af0aea21c4da8efc70b>:0 

Saving to slot: C:/users/steamuser/AppData/LocalLow/MomoGames/FlipWitch\player_0.fun
Saving to slot: C:/users/steamuser/AppData/LocalLow/MomoGames/FlipWitch\player_0.fun
Saving to slot: C:/users/steamuser/AppData/LocalLow/MomoGames/FlipWitch\player_0.fun
Saving to slot: C:/users/steamuser/AppData/LocalLow/MomoGames/FlipWitch\player_0.fun
Unloading 7 Unused Serialized files (Serialized files now loaded: 0)
UnloadTime: 4.269300 ms
Unloading 1039 unused Assets to reduce memory usage. Loaded Objects now: 46969.
Total: 12.791400 ms (FindLiveObjects: 2.783000 ms CreateObjectMapping: 1.790100 ms MarkObjects: 6.931800 ms  DeleteObjects: 1.285700 ms)

Unloading 8 Unused Serialized files (Serialized files now loaded: 0)
UnloadTime: 53.889100 ms
Unloading 2738 unused Assets to reduce memory usage. Loaded Objects now: 54630.
Total: 14.525900 ms (FindLiveObjects: 2.721700 ms CreateObjectMapping: 1.996900 ms MarkObjects: 7.266300 ms  DeleteObjects: 2.540400 ms)

Animator.GotoState: State could not be found
Invalid Layer Index '-1'
Saving to slot: C:/users/steamuser/AppData/LocalLow/MomoGames/FlipWitch\player_0.fun
Animator.GotoState: State could not be found
Invalid Layer Index '-1'
Animator.GotoState: State could not be found
Invalid Layer Index '-1'
Animator.GotoState: State could not be found
Invalid Layer Index '-1'
Saving to slot: C:/users/steamuser/AppData/LocalLow/MomoGames/FlipWitch\player_0.fun
Saving to slot: C:/users/steamuser/AppData/LocalLow/MomoGames/FlipWitch\player_0.fun
Animator.GotoState: State could not be found
Invalid Layer Index '-1'
Saving to slot: C:/users/steamuser/AppData/LocalLow/MomoGames/FlipWitch\player_0.fun
Saving to slot: C:/users/steamuser/AppData/LocalLow/MomoGames/FlipWitch\player_0.fun
Animator.GotoState: State could not be found
Invalid Layer Index '-1'
Animator.GotoState: State could not be found
Invalid Layer Index '-1'
Saving to slot: C:/users/steamuser/AppData/LocalLow/MomoGames/FlipWitch\player_0.fun
TP_Beatrix: True
TP_WitchyWoods: True
TP_GoblinCaves: True
TP_SpiritCity: True
TP_ShadyAlley: True
TP_GhostCastleEntrance: True
TP_GhostCastle: True
TP_Jigoku2_MiniBridge: True
TP_ClubDemon: True
TP_Tengoku: True
TP_AngelicHallway: True
TP_FungalForest: True
TP_SlimeCitadel: True
TP_SlimyDepths: True
TP_UmiUmi: True
TP_ChaosCastle: True
Unloading 6 Unused Serialized files (Serialized files now loaded: 0)
UnloadTime: 10.955800 ms
Unloading 2066 unused Assets to reduce memory usage. Loaded Objects now: 47397.
Total: 12.619800 ms (FindLiveObjects: 2.589100 ms CreateObjectMapping: 2.174000 ms MarkObjects: 6.183300 ms  DeleteObjects: 1.672600 ms)

Saving to slot: C:/users/steamuser/AppData/LocalLow/MomoGames/FlipWitch\player_0.fun
Unloading 5 Unused Serialized files (Serialized files now loaded: 0)
UnloadTime: 5.786100 ms
Unloading 4426 unused Assets to reduce memory usage. Loaded Objects now: 49135.
Total: 19.953600 ms (FindLiveObjects: 2.765600 ms CreateObjectMapping: 3.085500 ms MarkObjects: 10.185700 ms  DeleteObjects: 3.915800 ms)

TP_Beatrix: True
TP_WitchyWoods: True
TP_GoblinCaves: True
TP_SpiritCity: True
TP_ShadyAlley: True
TP_GhostCastleEntrance: True
TP_GhostCastle: True
TP_Jigoku2_MiniBridge: True
TP_ClubDemon: True
TP_Tengoku: True
TP_AngelicHallway: True
TP_FungalForest: True
TP_SlimeCitadel: True
TP_SlimyDepths: True
TP_UmiUmi: True
TP_ChaosCastle: True
Unloading 8 Unused Serialized files (Serialized files now loaded: 0)
UnloadTime: 4.458700 ms
Unloading 2458 unused Assets to reduce memory usage. Loaded Objects now: 54636.
Total: 22.556800 ms (FindLiveObjects: 4.913700 ms CreateObjectMapping: 3.521200 ms MarkObjects: 11.226300 ms  DeleteObjects: 2.894800 ms)

Saving to slot: C:/users/steamuser/AppData/LocalLow/MomoGames/FlipWitch\player_0.fun
Saving to slot: C:/users/steamuser/AppData/LocalLow/MomoGames/FlipWitch\player_0.fun
Unloading 8 Unused Serialized files (Serialized files now loaded: 0)
UnloadTime: 15.825500 ms
Unloading 31 unused Assets to reduce memory usage. Loaded Objects now: 60249.
Total: 15.394400 ms (FindLiveObjects: 3.248400 ms CreateObjectMapping: 3.350200 ms MarkObjects: 8.650600 ms  DeleteObjects: 0.144600 ms)

Saving to slot: C:/users/steamuser/AppData/LocalLow/MomoGames/FlipWitch\player_0.fun
Saving to slot: C:/users/steamuser/AppData/LocalLow/MomoGames/FlipWitch\player_0.fun
TP_Beatrix: True
TP_WitchyWoods: True
TP_GoblinCaves: True
TP_SpiritCity: True
TP_ShadyAlley: True
TP_GhostCastleEntrance: True
TP_GhostCastle: True
TP_Jigoku2_MiniBridge: True
TP_ClubDemon: True
TP_Tengoku: True
TP_AngelicHallway: True
TP_FungalForest: True
TP_SlimeCitadel: True
TP_SlimyDepths: True
TP_UmiUmi: True
TP_ChaosCastle: True
Unloading 6 Unused Serialized files (Serialized files now loaded: 0)
UnloadTime: 9.053600 ms
Unloading 2085 unused Assets to reduce memory usage. Loaded Objects now: 47397.
Total: 12.339000 ms (FindLiveObjects: 2.321700 ms CreateObjectMapping: 2.099300 ms MarkObjects: 5.932200 ms  DeleteObjects: 1.985100 ms)

Saving to slot: C:/users/steamuser/AppData/LocalLow/MomoGames/FlipWitch\player_0.fun
Saving to slot: C:/users/steamuser/AppData/LocalLow/MomoGames/FlipWitch\player_0.fun
Saving to slot: C:/users/steamuser/AppData/LocalLow/MomoGames/FlipWitch\player_0.fun
Saving to slot: C:/users/steamuser/AppData/LocalLow/MomoGames/FlipWitch\player_0.fun
TP_Beatrix: True
TP_WitchyWoods: True
TP_GoblinCaves: True
TP_SpiritCity: True
TP_ShadyAlley: True
TP_GhostCastleEntrance: True
TP_GhostCastle: True
TP_Jigoku2_MiniBridge: True
TP_ClubDemon: True
TP_Tengoku: True
TP_AngelicHallway: True
TP_FungalForest: True
TP_SlimeCitadel: True
TP_SlimyDepths: True
TP_UmiUmi: True
TP_ChaosCastle: True
Unloading 8 Unused Serialized files (Serialized files now loaded: 0)
UnloadTime: 26.045700 ms
Unloading 3928 unused Assets to reduce memory usage. Loaded Objects now: 54639.
Total: 16.621900 ms (FindLiveObjects: 2.943300 ms CreateObjectMapping: 2.374500 ms MarkObjects: 8.205200 ms  DeleteObjects: 3.098200 ms)

TP_Beatrix: True
TP_WitchyWoods: True
TP_GoblinCaves: True
TP_SpiritCity: True
TP_ShadyAlley: True
TP_GhostCastleEntrance: True
TP_GhostCastle: True
TP_Jigoku2_MiniBridge: True
TP_ClubDemon: True
TP_Tengoku: True
TP_AngelicHallway: True
TP_FungalForest: True
TP_SlimeCitadel: True
TP_SlimyDepths: True
TP_UmiUmi: True
TP_ChaosCastle: True
Saving to slot: C:/users/steamuser/AppData/LocalLow/MomoGames/FlipWitch\player_0.fun
Pool with tag '' does not exist!
Pool with tag '' does not exist!
Pool with tag '' does not exist!
TP_Beatrix: True
TP_WitchyWoods: True
TP_GoblinCaves: True
TP_SpiritCity: True
TP_ShadyAlley: True
TP_GhostCastleEntrance: True
TP_GhostCastle: True
TP_Jigoku2_MiniBridge: True
TP_ClubDemon: True
TP_Tengoku: True
TP_AngelicHallway: True
TP_FungalForest: True
TP_SlimeCitadel: True
TP_SlimyDepths: True
TP_UmiUmi: True
TP_ChaosCastle: True
Unloading 10 Unused Serialized files (Serialized files now loaded: 0)
UnloadTime: 84.514500 ms
Unloading 3032 unused Assets to reduce memory usage. Loaded Objects now: 44206.
Total: 12.305600 ms (FindLiveObjects: 2.470000 ms CreateObjectMapping: 1.851000 ms MarkObjects: 5.930200 ms  DeleteObjects: 2.053800 ms)

Saving to slot: C:/users/steamuser/AppData/LocalLow/MomoGames/FlipWitch\player_0.fun
Saving to slot: C:/users/steamuser/AppData/LocalLow/MomoGames/FlipWitch\player_0.fun
TP_Beatrix: True
TP_WitchyWoods: True
TP_GoblinCaves: True
TP_SpiritCity: True
TP_ShadyAlley: True
TP_GhostCastleEntrance: True
TP_GhostCastle: True
TP_Jigoku2_MiniBridge: True
TP_ClubDemon: True
TP_Tengoku: True
TP_AngelicHallway: True
TP_FungalForest: True
TP_SlimeCitadel: True
TP_SlimyDepths: True
TP_UmiUmi: True
TP_ChaosCastle: True
Unloading 7 Unused Serialized files (Serialized files now loaded: 0)
UnloadTime: 3.592200 ms
Unloading 1741 unused Assets to reduce memory usage. Loaded Objects now: 46975.
Total: 15.397200 ms (FindLiveObjects: 2.351000 ms CreateObjectMapping: 1.967700 ms MarkObjects: 8.957200 ms  DeleteObjects: 2.120400 ms)

Saving to slot: C:/users/steamuser/AppData/LocalLow/MomoGames/FlipWitch\player_0.fun
Saving to slot: C:/users/steamuser/AppData/LocalLow/MomoGames/FlipWitch\player_0.fun
TP_Beatrix: True
TP_WitchyWoods: True
TP_GoblinCaves: True
TP_SpiritCity: True
TP_ShadyAlley: True
TP_GhostCastleEntrance: True
TP_GhostCastle: True
TP_Jigoku2_MiniBridge: True
TP_ClubDemon: True
TP_Tengoku: True
TP_AngelicHallway: True
TP_FungalForest: True
TP_SlimeCitadel: True
TP_SlimyDepths: True
TP_UmiUmi: True
TP_ChaosCastle: True
Unloading 8 Unused Serialized files (Serialized files now loaded: 0)
UnloadTime: 52.741800 ms
Unloading 2743 unused Assets to reduce memory usage. Loaded Objects now: 54639.
Total: 15.763500 ms (FindLiveObjects: 2.774800 ms CreateObjectMapping: 2.025200 ms MarkObjects: 8.755600 ms  DeleteObjects: 2.207100 ms)

Saving to slot: C:/users/steamuser/AppData/LocalLow/MomoGames/FlipWitch\player_0.fun
Pool with tag '' does not exist!
Pool with tag '' does not exist!
Saving to slot: C:/users/steamuser/AppData/LocalLow/MomoGames/FlipWitch\player_0.fun
TP_Beatrix: True
TP_WitchyWoods: True
TP_GoblinCaves: True
TP_SpiritCity: True
TP_ShadyAlley: True
TP_GhostCastleEntrance: True
TP_GhostCastle: True
TP_Jigoku2_MiniBridge: True
TP_ClubDemon: True
TP_Tengoku: True
TP_AngelicHallway: True
TP_FungalForest: True
TP_SlimeCitadel: True
TP_SlimyDepths: True
TP_UmiUmi: True
TP_ChaosCastle: True
Unloading 7 Unused Serialized files (Serialized files now loaded: 0)
UnloadTime: 10.397400 ms
Unloading 3213 unused Assets to reduce memory usage. Loaded Objects now: 46976.
Total: 13.932300 ms (FindLiveObjects: 2.713700 ms CreateObjectMapping: 2.058700 ms MarkObjects: 6.417800 ms  DeleteObjects: 2.741500 ms)

Saving to slot: C:/users/steamuser/AppData/LocalLow/MomoGames/FlipWitch\player_0.fun
Saving to slot: C:/users/steamuser/AppData/LocalLow/MomoGames/FlipWitch\player_0.fun
TP_Beatrix: True
TP_WitchyWoods: True
TP_GoblinCaves: True
TP_SpiritCity: True
TP_ShadyAlley: True
TP_GhostCastleEntrance: True
TP_GhostCastle: True
TP_Jigoku2_MiniBridge: True
TP_ClubDemon: True
TP_Tengoku: True
TP_AngelicHallway: True
TP_FungalForest: True
TP_SlimeCitadel: True
TP_SlimyDepths: True
TP_UmiUmi: True
TP_ChaosCastle: True
Unloading 6 Unused Serialized files (Serialized files now loaded: 0)
UnloadTime: 7.642800 ms
Unloading 2123 unused Assets to reduce memory usage. Loaded Objects now: 47400.
Total: 13.749700 ms (FindLiveObjects: 3.099500 ms CreateObjectMapping: 2.322500 ms MarkObjects: 6.725200 ms  DeleteObjects: 1.601900 ms)

TP_Beatrix: True
TP_WitchyWoods: True
TP_GoblinCaves: True
TP_SpiritCity: True
TP_ShadyAlley: True
TP_GhostCastleEntrance: True
TP_GhostCastle: True
TP_Jigoku2_MiniBridge: True
TP_ClubDemon: True
TP_Tengoku: True
TP_AngelicHallway: True
TP_FungalForest: True
TP_SlimeCitadel: True
TP_SlimyDepths: True
TP_UmiUmi: True
TP_ChaosCastle: True
Unloading 11 Unused Serialized files (Serialized files now loaded: 0)
UnloadTime: 25.703300 ms
Unloading 3938 unused Assets to reduce memory usage. Loaded Objects now: 49319.
Total: 20.890800 ms (FindLiveObjects: 3.254400 ms CreateObjectMapping: 2.399300 ms MarkObjects: 12.362600 ms  DeleteObjects: 2.873800 ms)

NullReferenceException
  at (wrapper managed-to-native) UnityEngine.Component.get_gameObject(UnityEngine.Component)
  at PlayAudioOnCameraEnter.SoundStoppedCallback (System.Object inCookie, AkCallbackType callType, System.Object inInfo) [0x0000d] in <1e5f15723ac74af0aea21c4da8efc70b>:0 
  at AkCallbackManager.PostCallbacks () [0x0037b] in <90119bdabb614133af832e9fad6f169a>:0 
  at AkSoundEngineController.LateUpdate () [0x0000a] in <2818bbe37021492590c22a036a9d4798>:0 
  at AkInitializer.LateUpdate () [0x00012] in <2818bbe37021492590c22a036a9d4798>:0 

Saving to slot: C:/users/steamuser/AppData/LocalLow/MomoGames/FlipWitch\player_0.fun
TP_Beatrix: True
TP_WitchyWoods: True
TP_GoblinCaves: True
TP_SpiritCity: True
TP_ShadyAlley: True
TP_GhostCastleEntrance: True
TP_GhostCastle: True
TP_Jigoku2_MiniBridge: True
TP_ClubDemon: True
TP_Tengoku: True
TP_AngelicHallway: True
TP_FungalForest: True
TP_SlimeCitadel: True
TP_SlimyDepths: True
TP_UmiUmi: True
TP_ChaosCastle: True
Unloading 8 Unused Serialized files (Serialized files now loaded: 0)
UnloadTime: 10.245600 ms
Unloading 3193 unused Assets to reduce memory usage. Loaded Objects now: 54638.
Total: 16.712000 ms (FindLiveObjects: 3.109600 ms CreateObjectMapping: 2.040600 ms MarkObjects: 9.003400 ms  DeleteObjects: 2.557500 ms)

Saving to slot: C:/users/steamuser/AppData/LocalLow/MomoGames/FlipWitch\player_0.fun
Saving to slot: C:/users/steamuser/AppData/LocalLow/MomoGames/FlipWitch\player_0.fun
Pool with tag '' does not exist!
Pool with tag '' does not exist!
Pool with tag '' does not exist!
Pool with tag '' does not exist!
Saving to slot: C:/users/steamuser/AppData/LocalLow/MomoGames/FlipWitch\player_0.fun
Pool with tag '' does not exist!
Pool with tag '' does not exist!
TP_Beatrix: True
TP_WitchyWoods: True
TP_GoblinCaves: True
TP_SpiritCity: True
TP_ShadyAlley: True
TP_GhostCastleEntrance: True
TP_GhostCastle: True
TP_Jigoku2_MiniBridge: True
TP_ClubDemon: True
TP_Tengoku: True
TP_AngelicHallway: True
TP_FungalForest: True
TP_SlimeCitadel: True
TP_SlimyDepths: True
TP_UmiUmi: True
TP_ChaosCastle: True
Unloading 11 Unused Serialized files (Serialized files now loaded: 0)
UnloadTime: 11.452400 ms
Unloading 1576 unused Assets to reduce memory usage. Loaded Objects now: 49316.
Total: 15.875800 ms (FindLiveObjects: 3.213100 ms CreateObjectMapping: 2.874000 ms MarkObjects: 8.201900 ms  DeleteObjects: 1.585800 ms)

Saving to slot: C:/users/steamuser/AppData/LocalLow/MomoGames/FlipWitch\player_0.fun
Animator.GotoState: State could not be found
Invalid Layer Index '-1'
Saving to slot: C:/users/steamuser/AppData/LocalLow/MomoGames/FlipWitch\player_0.fun
TP_Beatrix: True
TP_WitchyWoods: True
TP_GoblinCaves: True
TP_SpiritCity: True
TP_ShadyAlley: True
TP_GhostCastleEntrance: True
TP_GhostCastle: True
TP_Jigoku2_MiniBridge: True
TP_ClubDemon: True
TP_Tengoku: True
TP_AngelicHallway: True
TP_FungalForest: True
TP_SlimeCitadel: True
TP_SlimyDepths: True
TP_UmiUmi: True
TP_ChaosCastle: True
Saving to slot: C:/users/steamuser/AppData/LocalLow/MomoGames/FlipWitch\player_0.fun
Saving to slot: C:/users/steamuser/AppData/LocalLow/MomoGames/FlipWitch\player_0.fun
TP_Beatrix: True
TP_WitchyWoods: True
TP_GoblinCaves: True
TP_SpiritCity: True
TP_ShadyAlley: True
TP_GhostCastleEntrance: True
TP_GhostCastle: True
TP_Jigoku2_MiniBridge: True
TP_ClubDemon: True
TP_Tengoku: True
TP_AngelicHallway: True
TP_FungalForest: True
TP_SlimeCitadel: True
TP_SlimyDepths: True
TP_UmiUmi: True
TP_ChaosCastle: True
Unloading 6 Unused Serialized files (Serialized files now loaded: 0)
UnloadTime: 10.084300 ms
Unloading 3748 unused Assets to reduce memory usage. Loaded Objects now: 47399.
Total: 17.539500 ms (FindLiveObjects: 2.819500 ms CreateObjectMapping: 2.140600 ms MarkObjects: 7.852200 ms  DeleteObjects: 4.726600 ms)

Saving to slot: C:/users/steamuser/AppData/LocalLow/MomoGames/FlipWitch\player_0.fun
Unloading 5 Unused Serialized files (Serialized files now loaded: 0)
UnloadTime: 4.432200 ms
Unloading 4426 unused Assets to reduce memory usage. Loaded Objects now: 49139.
Total: 18.773900 ms (FindLiveObjects: 3.780900 ms CreateObjectMapping: 3.115800 ms MarkObjects: 7.353300 ms  DeleteObjects: 4.523100 ms)

Unloading 6 Unused Serialized files (Serialized files now loaded: 0)
UnloadTime: 3.654100 ms
Unloading 2287 unused Assets to reduce memory usage. Loaded Objects now: 47399.
Total: 16.250000 ms (FindLiveObjects: 3.475800 ms CreateObjectMapping: 3.157500 ms MarkObjects: 7.588700 ms  DeleteObjects: 2.027400 ms)

Unloading 11 Unused Serialized files (Serialized files now loaded: 0)
UnloadTime: 4.102700 ms
Unloading 3937 unused Assets to reduce memory usage. Loaded Objects now: 49319.
Total: 17.946100 ms (FindLiveObjects: 2.662800 ms CreateObjectMapping: 3.486900 ms MarkObjects: 8.003100 ms  DeleteObjects: 3.792200 ms)

Saving to slot: C:/users/steamuser/AppData/LocalLow/MomoGames/FlipWitch\player_0.fun
TP_Beatrix: True
TP_WitchyWoods: True
TP_GoblinCaves: True
TP_SpiritCity: True
TP_ShadyAlley: True
TP_GhostCastleEntrance: True
TP_GhostCastle: True
TP_Jigoku2_MiniBridge: True
TP_ClubDemon: True
TP_Tengoku: True
TP_AngelicHallway: True
TP_FungalForest: True
TP_SlimeCitadel: True
TP_SlimyDepths: True
TP_UmiUmi: True
TP_ChaosCastle: True
Saving to slot: C:/users/steamuser/AppData/LocalLow/MomoGames/FlipWitch\player_0.fun
TP_Beatrix: True
TP_WitchyWoods: True
TP_GoblinCaves: True
TP_SpiritCity: True
TP_ShadyAlley: True
TP_GhostCastleEntrance: True
TP_GhostCastle: True
TP_Jigoku2_MiniBridge: True
TP_ClubDemon: True
TP_Tengoku: True
TP_AngelicHallway: True
TP_FungalForest: True
TP_SlimeCitadel: True
TP_SlimyDepths: True
TP_UmiUmi: True
TP_ChaosCastle: True
Unloading 6 Unused Serialized files (Serialized files now loaded: 0)
UnloadTime: 8.929000 ms
Unloading 3738 unused Assets to reduce memory usage. Loaded Objects now: 47399.
Total: 18.211700 ms (FindLiveObjects: 2.938100 ms CreateObjectMapping: 2.632300 ms MarkObjects: 8.774700 ms  DeleteObjects: 3.865100 ms)

Saving to slot: C:/users/steamuser/AppData/LocalLow/MomoGames/FlipWitch\player_0.fun
Unloading 5 Unused Serialized files (Serialized files now loaded: 0)
UnloadTime: 4.766800 ms
Unloading 4426 unused Assets to reduce memory usage. Loaded Objects now: 49139.
Total: 16.700300 ms (FindLiveObjects: 2.801900 ms CreateObjectMapping: 2.289100 ms MarkObjects: 7.970900 ms  DeleteObjects: 3.637500 ms)

Unloading 6 Unused Serialized files (Serialized files now loaded: 0)
UnloadTime: 3.943800 ms
Unloading 2287 unused Assets to reduce memory usage. Loaded Objects now: 47399.
Total: 16.066100 ms (FindLiveObjects: 2.587600 ms CreateObjectMapping: 2.111400 ms MarkObjects: 9.260200 ms  DeleteObjects: 2.106300 ms)

Saving to slot: C:/users/steamuser/AppData/LocalLow/MomoGames/FlipWitch\player_0.fun
Unloading 4 Unused Serialized files (Serialized files now loaded: 0)
UnloadTime: 26.269400 ms
Unloading 5779 unused Assets to reduce memory usage. Loaded Objects now: 39845.
Total: 15.425200 ms (FindLiveObjects: 2.180400 ms CreateObjectMapping: 1.756200 ms MarkObjects: 6.772500 ms  DeleteObjects: 4.715400 ms)

Savefile not found in: C:/users/steamuser/AppData/LocalLow/MomoGames/FlipWitch\player_1.fun
Savefile not found in: C:/users/steamuser/AppData/LocalLow/MomoGames/FlipWitch\player_2.fun
Setting up 6 worker threads for Enlighten.
Memory Statistics:
[ALLOC_TEMP_TLS] TLS Allocator
  StackAllocators : 
    [ALLOC_TEMP_MAIN]
      Peak usage frame count: [2.0 KB-4.0 KB]: 43472 frames, [4.0 KB-8.0 KB]: 583068 frames, [8.0 KB-16.0 KB]: 289002 frames, [16.0 KB-32.0 KB]: 149126 frames, [32.0 KB-64.0 KB]: 266045 frames, [64.0 KB-128.0 KB]: 53855 frames, [128.0 KB-256.0 KB]: 12 frames, [256.0 KB-0.5 MB]: 34 frames, [4.0 MB-8.0 MB]: 36 frames
      Initial Block Size 4.0 MB
      Current Block Size 7.6 MB
      Peak Allocated Bytes 7.6 MB
      Overflow Count 8
    [ALLOC_TEMP_Loading.AsyncRead]
      Initial Block Size 64.0 KB
      Current Block Size 64.0 KB
      Peak Allocated Bytes 336 B
      Overflow Count 0
    [ALLOC_TEMP_Loading.PreloadManager]
      Initial Block Size 256.0 KB
      Current Block Size 0.5 MB
      Peak Allocated Bytes 510.0 KB
      Overflow Count 618678
    [ALLOC_TEMP_Background Job.Worker 8]
      Initial Block Size 32.0 KB
      Current Block Size 32.0 KB
      Peak Allocated Bytes 54 B
      Overflow Count 0
    [ALLOC_TEMP_Job.Worker 6]
      Initial Block Size 256.0 KB
      Current Block Size 256.0 KB
      Peak Allocated Bytes 42.3 KB
      Overflow Count 0
    [ALLOC_TEMP_Job.Worker 0]
      Initial Block Size 256.0 KB
      Current Block Size 256.0 KB
      Peak Allocated Bytes 47.8 KB
      Overflow Count 0
    [ALLOC_TEMP_Background Job.Worker 10]
      Initial Block Size 32.0 KB
      Current Block Size 32.0 KB
      Peak Allocated Bytes 54 B
      Overflow Count 0
    [ALLOC_TEMP_Background Job.Worker 9]
      Initial Block Size 32.0 KB
      Current Block Size 32.0 KB
      Peak Allocated Bytes 54 B
      Overflow Count 0
    [ALLOC_TEMP_Job.Worker 5]
      Initial Block Size 256.0 KB
      Current Block Size 256.0 KB
      Peak Allocated Bytes 42.3 KB
      Overflow Count 0
    [ALLOC_TEMP_Background Job.Worker 14]
      Initial Block Size 32.0 KB
      Current Block Size 32.0 KB
      Peak Allocated Bytes 54 B
      Overflow Count 0
    [ALLOC_TEMP_Background Job.Worker 6]
      Initial Block Size 32.0 KB
      Current Block Size 32.0 KB
      Peak Allocated Bytes 54 B
      Overflow Count 0
    [ALLOC_TEMP_Job.Worker 4]
      Initial Block Size 256.0 KB
      Current Block Size 256.0 KB
      Peak Allocated Bytes 47.8 KB
      Overflow Count 0
    [ALLOC_TEMP_Job.Worker 3]
      Initial Block Size 256.0 KB
      Current Block Size 256.0 KB
      Peak Allocated Bytes 47.8 KB
      Overflow Count 0
    [ALLOC_TEMP_Background Job.Worker 12]
      Initial Block Size 32.0 KB
      Current Block Size 32.0 KB
      Peak Allocated Bytes 54 B
      Overflow Count 0
    [ALLOC_TEMP_EnlightenWorker] x 6
      Initial Block Size 64.0 KB
      Current Block Size 64.0 KB
      Peak Allocated Bytes 54 B
      Overflow Count 0
    [ALLOC_TEMP_Background Job.Worker 15]
      Initial Block Size 32.0 KB
      Current Block Size 32.0 KB
      Peak Allocated Bytes 54 B
      Overflow Count 0
    [ALLOC_TEMP_Background Job.Worker 1]
      Initial Block Size 32.0 KB
      Current Block Size 32.0 KB
      Peak Allocated Bytes 54 B
      Overflow Count 0
    [ALLOC_TEMP_Background Job.Worker 2]
      Initial Block Size 32.0 KB
      Current Block Size 32.0 KB
      Peak Allocated Bytes 54 B
      Overflow Count 0
    [ALLOC_TEMP_]
      Initial Block Size 64.0 KB
      Current Block Size 64.0 KB
      Peak Allocated Bytes 0 B
      Overflow Count 0
    [ALLOC_TEMP_Background Job.Worker 7]
      Initial Block Size 32.0 KB
      Current Block Size 32.0 KB
      Peak Allocated Bytes 54 B
      Overflow Count 0
    [ALLOC_TEMP_UnityGfxDeviceWorker]
      Initial Block Size 256.0 KB
      Current Block Size 256.0 KB
      Peak Allocated Bytes 41.5 KB
      Overflow Count 0
    [ALLOC_TEMP_AssetGarbageCollectorHelper] x 11
      Initial Block Size 64.0 KB
      Current Block Size 64.0 KB
      Peak Allocated Bytes 0 B
      Overflow Count 0
    [ALLOC_TEMP_Background Job.Worker 5]
      Initial Block Size 32.0 KB
      Current Block Size 32.0 KB
      Peak Allocated Bytes 54 B
      Overflow Count 0
    [ALLOC_TEMP_Job.Worker 9]
      Initial Block Size 256.0 KB
      Current Block Size 256.0 KB
      Peak Allocated Bytes 47.8 KB
      Overflow Count 0
    [ALLOC_TEMP_Background Job.Worker 13]
      Initial Block Size 32.0 KB
      Current Block Size 32.0 KB
      Peak Allocated Bytes 54 B
      Overflow Count 0
    [ALLOC_TEMP_Job.Worker 8]
      Initial Block Size 256.0 KB
      Current Block Size 256.0 KB
      Peak Allocated Bytes 44.1 KB
      Overflow Count 0
    [ALLOC_TEMP_Job.Worker 7]
      Initial Block Size 256.0 KB
      Current Block Size 256.0 KB
      Peak Allocated Bytes 42.3 KB
      Overflow Count 0
    [ALLOC_TEMP_Job.Worker 1]
      Initial Block Size 256.0 KB
      Current Block Size 256.0 KB
      Peak Allocated Bytes 47.8 KB
      Overflow Count 0
    [ALLOC_TEMP_Job.Worker 2]
      Initial Block Size 256.0 KB
      Current Block Size 256.0 KB
      Peak Allocated Bytes 44.5 KB
      Overflow Count 0
    [ALLOC_TEMP_Background Job.Worker 3]
      Initial Block Size 32.0 KB
      Current Block Size 32.0 KB
      Peak Allocated Bytes 54 B
      Overflow Count 0
    [ALLOC_TEMP_Background Job.Worker 11]
      Initial Block Size 32.0 KB
      Current Block Size 32.0 KB
      Peak Allocated Bytes 54 B
      Overflow Count 0
    [ALLOC_TEMP_Job.Worker 10]
      Initial Block Size 256.0 KB
      Current Block Size 256.0 KB
      Peak Allocated Bytes 44.5 KB
      Overflow Count 0
    [ALLOC_TEMP_Background Job.Worker 0]
      Initial Block Size 32.0 KB
      Current Block Size 32.0 KB
      Peak Allocated Bytes 54 B
      Overflow Count 0
    [ALLOC_TEMP_HIDInput]
      Initial Block Size 64.0 KB
      Current Block Size 64.0 KB
      Peak Allocated Bytes 12.3 KB
      Overflow Count 0
    [ALLOC_TEMP_Background Job.Worker 4]
      Initial Block Size 32.0 KB
      Current Block Size 32.0 KB
      Peak Allocated Bytes 54 B
      Overflow Count 0
    [ALLOC_TEMP_BatchDeleteObjects]
      Initial Block Size 64.0 KB
      Current Block Size 64.0 KB
      Peak Allocated Bytes 54 B
      Overflow Count 0
[ALLOC_DEFAULT] Dual Thread Allocator
  Peak main deferred allocation count 9805
    [ALLOC_BUCKET]
      Large Block size 4.0 MB
      Used Block count 1
      Peak Allocated bytes 4.0 MB
      Failed Allocations. Bucket layout:
        16B: 12 Subsections = 12288 buckets. Failed count: 28921441
        32B: 52 Subsections = 26624 buckets. Failed count: 9863505
        48B: 62 Subsections = 21162 buckets. Failed count: 2727683
        64B: 63 Subsections = 16128 buckets. Failed count: 3695519
        80B: 24 Subsections = 4915 buckets. Failed count: 979665
        96B: 5 Subsections = 853 buckets. Failed count: 104161
        112B: 25 Subsections = 3657 buckets. Failed count: 92979
        128B: 13 Subsections = 1664 buckets. Failed count: 210400
    [ALLOC_DEFAULT_MAIN]
      Peak usage frame count: [16.0 MB-32.0 MB]: 56871 frames, [32.0 MB-64.0 MB]: 1327774 frames, [64.0 MB-128.0 MB]: 5 frames
      Requested Block Size 16.0 MB
      Peak Block count 3
      Peak Allocated memory 78.2 MB
      Peak Large allocation bytes 48.0 MB
    [ALLOC_DEFAULT_THREAD]
      Peak usage frame count: [32.0 MB-64.0 MB]: 1383719 frames, [64.0 MB-128.0 MB]: 924 frames, [128.0 MB-256.0 MB]: 7 frames
      Requested Block Size 16.0 MB
      Peak Block count 4
      Peak Allocated memory 130.0 MB
      Peak Large allocation bytes 90.0 MB
[ALLOC_TEMP_JOB_1_FRAME]
  Initial Block Size 2.0 MB
  Used Block Count 1
  Overflow Count (too large) 0
  Overflow Count (full) 0
[ALLOC_TEMP_JOB_2_FRAMES]
  Initial Block Size 2.0 MB
  Used Block Count 1
  Overflow Count (too large) 0
  Overflow Count (full) 0
[ALLOC_TEMP_JOB_4_FRAMES (JobTemp)]
  Initial Block Size 2.0 MB
  Used Block Count 3
  Overflow Count (too large) 0
  Overflow Count (full) 0
[ALLOC_TEMP_JOB_ASYNC (Background)]
  Initial Block Size 1.0 MB
  Used Block Count 19
  Overflow Count (too large) 0
  Overflow Count (full) 0
[ALLOC_GFX] Dual Thread Allocator
  Peak main deferred allocation count 2
    [ALLOC_BUCKET]
      Large Block size 4.0 MB
      Used Block count 1
      Peak Allocated bytes 4.0 MB
      Failed Allocations. Bucket layout:
        16B: 12 Subsections = 12288 buckets. Failed count: 28921441
        32B: 52 Subsections = 26624 buckets. Failed count: 9863505
        48B: 62 Subsections = 21162 buckets. Failed count: 2727683
        64B: 63 Subsections = 16128 buckets. Failed count: 3695519
        80B: 24 Subsections = 4915 buckets. Failed count: 979665
        96B: 5 Subsections = 853 buckets. Failed count: 104161
        112B: 25 Subsections = 3657 buckets. Failed count: 92979
        128B: 13 Subsections = 1664 buckets. Failed count: 210400
    [ALLOC_GFX_MAIN]
      Peak usage frame count: [256.0 KB-0.5 MB]: 794 frames, [0.5 MB-1.0 MB]: 347583 frames, [1.0 MB-2.0 MB]: 1036271 frames, [2.0 MB-4.0 MB]: 2 frames
      Requested Block Size 16.0 MB
      Peak Block count 1
      Peak Allocated memory 2.7 MB
      Peak Large allocation bytes 0 B
    [ALLOC_GFX_THREAD]
      Peak usage frame count: [32.0 MB-64.0 MB]: 1384650 frames
      Requested Block Size 16.0 MB
      Peak Block count 3
      Peak Allocated memory 39.8 MB
      Peak Large allocation bytes 0 B
[ALLOC_CACHEOBJECTS] Dual Thread Allocator
  Peak main deferred allocation count 3290
    [ALLOC_BUCKET]
      Large Block size 4.0 MB
      Used Block count 1
      Peak Allocated bytes 4.0 MB
      Failed Allocations. Bucket layout:
        16B: 12 Subsections = 12288 buckets. Failed count: 28921441
        32B: 52 Subsections = 26624 buckets. Failed count: 9863505
        48B: 62 Subsections = 21162 buckets. Failed count: 2727683
        64B: 63 Subsections = 16128 buckets. Failed count: 3695519
        80B: 24 Subsections = 4915 buckets. Failed count: 979665
        96B: 5 Subsections = 853 buckets. Failed count: 104161
        112B: 25 Subsections = 3657 buckets. Failed count: 92979
        128B: 13 Subsections = 1664 buckets. Failed count: 210400
    [ALLOC_CACHEOBJECTS_MAIN]
      Peak usage frame count: [8.0 MB-16.0 MB]: 1384650 frames
      Requested Block Size 4.0 MB
      Peak Block count 3
      Peak Allocated memory 9.2 MB
      Peak Large allocation bytes 0 B
    [ALLOC_CACHEOBJECTS_THREAD]
      Peak usage frame count: [16.0 MB-32.0 MB]: 3739 frames, [32.0 MB-64.0 MB]: 1380862 frames, [64.0 MB-128.0 MB]: 49 frames
      Requested Block Size 4.0 MB
      Peak Block count 17
      Peak Allocated memory 70.7 MB
      Peak Large allocation bytes 13.5 MB
[ALLOC_TYPETREE] Dual Thread Allocator
  Peak main deferred allocation count 0
    [ALLOC_BUCKET]
      Large Block size 4.0 MB
      Used Block count 1
      Peak Allocated bytes 4.0 MB
      Failed Allocations. Bucket layout:
        16B: 12 Subsections = 12288 buckets. Failed count: 28921441
        32B: 52 Subsections = 26624 buckets. Failed count: 9863505
        48B: 62 Subsections = 21162 buckets. Failed count: 2727683
        64B: 63 Subsections = 16128 buckets. Failed count: 3695519
        80B: 24 Subsections = 4915 buckets. Failed count: 979665
        96B: 5 Subsections = 853 buckets. Failed count: 104161
        112B: 25 Subsections = 3657 buckets. Failed count: 92979
        128B: 13 Subsections = 1664 buckets. Failed count: 210400
    [ALLOC_TYPETREE_MAIN]
      Peak usage frame count: [32.0 KB-64.0 KB]: 1384650 frames
      Requested Block Size 2.0 MB
      Peak Block count 1
      Peak Allocated memory 48.5 KB
      Peak Large allocation bytes 0 B
    [ALLOC_TYPETREE_THREAD]
      Peak usage frame count: [16.0 KB-32.0 KB]: 3770 frames, [32.0 KB-64.0 KB]: 1380880 frames
      Requested Block Size 2.0 MB
      Peak Block count 1
      Peak Allocated memory 39.7 KB
      Peak Large allocation bytes 0 B
