Mono path[0] = 'V:/9c1b5651-fb99-4525-9716-4137b631551a/brcf/Bomb Rush Cyberfunk/Bomb Rush Cyberfunk_Data/Managed'
Mono config path = 'V:/9c1b5651-fb99-4525-9716-4137b631551a/brcf/Bomb Rush Cyberfunk/MonoBleedingEdge/etc'
Initialize engine version: 2021.3.27f1 (ca3ffb99bcc6)
[Subsystems] Discovering subsystems at path V:/9c1b5651-fb99-4525-9716-4137b631551a/brcf/Bomb Rush Cyberfunk/Bomb Rush Cyberfunk_Data/UnitySubsystems
GfxDevice: creating device client; threaded=1; jobified=1
Direct3D:
    Version:  Direct3D 11.0 [level 11.1]
    Renderer: NVIDIA GeForce RTX 3060 (ID=0x2504)
    Vendor:   NVIDIA
    VRAM:     12256 MB
    Driver:   31.0.21902.5
Begin MonoManager ReloadAssembly
- Completed reload, in  0.275 seconds
<RI> Initializing input.
<RI> Input initialized.
<RI> Initialized touch support.
UnloadTime: 0.703600 ms
Core.Awake(): Version: 1.0.19735
Core.Awake(): Initial quality setting: Ultra
Core.Awake(): Initial resolution: 1920 x 1080 @ 165Hz
Core.Awake(): Initial language: English
Core.Awake(): Platform data loaded: WindowsPlatformData
Unloading 5 Unused Serialized files (Serialized files now loaded: 20)
Unloading 20 unused Assets to reduce memory usage. Loaded Objects now: 9277.
Total: 14.143100 ms (FindLiveObjects: 0.432500 ms CreateObjectMapping: 0.407300 ms MarkObjects: 13.198700 ms  DeleteObjects: 0.103900 ms)

Unloading 1 Unused Serialized files (Serialized files now loaded: 20)
Unloading 1 unused Assets to reduce memory usage. Loaded Objects now: 9277.
Total: 12.669000 ms (FindLiveObjects: 0.410700 ms CreateObjectMapping: 0.333100 ms MarkObjects: 11.893500 ms  DeleteObjects: 0.030900 ms)

BoxColliders does not support negative scale or size.
The effective box size has been forced positive and is likely to give unexpected collision geometry.
If you absolutely need to use negative scaling you can use the convex MeshCollider. Scene hierarchy path "StageChunks/MuseumChallenge/BaseStructures_MuseumChallenge/MuseumChallenge/Tower_BRect_Edge (8)"
BoxColliders does not support negative scale or size.
The effective box size has been forced positive and is likely to give unexpected collision geometry.
If you absolutely need to use negative scaling you can use the convex MeshCollider. Scene hierarchy path "StageChunks/MuseumChallenge/BaseStructures_MuseumChallenge/MuseumChallenge/Tower_BRect_Edge (6)"
BoxColliders does not support negative scale or size.
The effective box size has been forced positive and is likely to give unexpected collision geometry.
If you absolutely need to use negative scaling you can use the convex MeshCollider. Scene hierarchy path "StageChunks/TowerEntrance/Buildings_TowerEntrance/TowerIslandOutside/RocketSideBuilding/PM_PillarSmallMetalGreen (5)"
BoxColliders does not support negative scale or size.
The effective box size has been forced positive and is likely to give unexpected collision geometry.
If you absolutely need to use negative scaling you can use the convex MeshCollider. Scene hierarchy path "StageChunks/TowerEntrance/Buildings_TowerEntrance/TowerIslandOutside/RocketSideBuilding/TowerControl/PM_Shop4Side (12)"
BoxColliders does not support negative scale or size.
The effective box size has been forced positive and is likely to give unexpected collision geometry.
If you absolutely need to use negative scaling you can use the convex MeshCollider. Scene hierarchy path "StageChunks/TowerEntrance/Buildings_TowerEntrance/TowerIslandOutside/RocketSideBuilding/TowerControl (12)/PM_PillarSmallMetalGreen (7)"
BoxColliders does not support negative scale or size.
The effective box size has been forced positive and is likely to give unexpected collision geometry.
If you absolutely need to use negative scaling you can use the convex MeshCollider. Scene hierarchy path "StageChunks/TowerEntrance/Buildings_TowerEntrance/TowerIslandOutside/RocketSideBuilding/TowerControl (10)/PM_PlatformGreen (34)"
BoxColliders does not support negative scale or size.
The effective box size has been forced positive and is likely to give unexpected collision geometry.
If you absolutely need to use negative scaling you can use the convex MeshCollider. Scene hierarchy path "StageChunks/TowerEntrance/Buildings_TowerEntrance/TowerIslandOutside/RocketSideBuilding/TowerControl (2)/PM_Shop4Side (12)"
BoxColliders does not support negative scale or size.
The effective box size has been forced positive and is likely to give unexpected collision geometry.
If you absolutely need to use negative scaling you can use the convex MeshCollider. Scene hierarchy path "StageChunks/TowerEntrance/Buildings_TowerEntrance/TowerIslandOutside/RocketSideBuilding/TowerControl (8)/PM_Shop4Side (11)"
BoxColliders does not support negative scale or size.
The effective box size has been forced positive and is likely to give unexpected collision geometry.
If you absolutely need to use negative scaling you can use the convex MeshCollider. Scene hierarchy path "StageChunks/TowerEntrance/Buildings_TowerEntrance/TowerIslandOutside/RocketSideBuilding/TowerControl (14)/PM_PlatformGreen (34)"
BoxColliders does not support negative scale or size.
The effective box size has been forced positive and is likely to give unexpected collision geometry.
If you absolutely need to use negative scaling you can use the convex MeshCollider. Scene hierarchy path "StageChunks/TowerEntrance/Buildings_TowerEntrance/TowerIslandOutside/RocketSideBuilding/TowerControl (13)/PM_PlatformGreen (34)"
BoxColliders does not support negative scale or size.
The effective box size has been forced positive and is likely to give unexpected collision geometry.
If you absolutely need to use negative scaling you can use the convex MeshCollider. Scene hierarchy path "StageChunks/TowerEntrance/Buildings_TowerEntrance/TowerIslandOutside/RocketSideBuilding/TowerControl (8)/PM_PillarSmallMetalGreen (1)"
BoxColliders does not support negative scale or size.
The effective box size has been forced positive and is likely to give unexpected collision geometry.
If you absolutely need to use negative scaling you can use the convex MeshCollider. Scene hierarchy path "StageChunks/TowerEntrance/Buildings_TowerEntrance/TowerIslandOutside/RocketSideBuilding/TowerControl (3)/PM_Shop4Side (12)"
BoxColliders does not support negative scale or size.
The effective box size has been forced positive and is likely to give unexpected collision geometry.
If you absolutely need to use negative scaling you can use the convex MeshCollider. Scene hierarchy path "StageChunks/TowerEntrance/Buildings_TowerEntrance/TowerIslandOutside/RocketSideBuilding/TowerControl (8)/PM_PlatformGreen (34)"
BoxColliders does not support negative scale or size.
The effective box size has been forced positive and is likely to give unexpected collision geometry.
If you absolutely need to use negative scaling you can use the convex MeshCollider. Scene hierarchy path "StageChunks/TowerEntrance/Buildings_TowerEntrance/TowerIslandOutside/RocketSideBuilding/PM_PlatformGreen (35)"
BoxColliders does not support negative scale or size.
The effective box size has been forced positive and is likely to give unexpected collision geometry.
If you absolutely need to use negative scaling you can use the convex MeshCollider. Scene hierarchy path "StageChunks/Underground/Gameplay_Underground/SecretBoostBreakableGlassDoorBig (3)/SGBluePillarLeft"
BoxColliders does not support negative scale or size.
The effective box size has been forced positive and is likely to give unexpected collision geometry.
If you absolutely need to use negative scaling you can use the convex MeshCollider. Scene hierarchy path "StageChunks/Boulevard/BackSection/BackBuildings_Boulevard/DH_BrownBox (33)"
BoxColliders does not support negative scale or size.
The effective box size has been forced positive and is likely to give unexpected collision geometry.
If you absolutely need to use negative scaling you can use the convex MeshCollider. Scene hierarchy path "StageChunks/Boulevard/GroundSection/BaseStructures_Boulevard/LowerBuildings/TStoreInstrumentsWindows (2)"
BoxColliders does not support negative scale or size.
The effective box size has been forced positive and is likely to give unexpected collision geometry.
If you absolutely need to use negative scaling you can use the convex MeshCollider. Scene hierarchy path "StageChunks/TowerEntrance/Buildings_TowerEntrance/TowerIslandOutside/RocketSideBuilding/TowerControl (9)/PM_PlatformGreen (35)"
BoxColliders does not support negative scale or size.
The effective box size has been forced positive and is likely to give unexpected collision geometry.
If you absolutely need to use negative scaling you can use the convex MeshCollider. Scene hierarchy path "StageChunks/TowerEntrance/Buildings_TowerEntrance/TowerIslandOutside/RocketSideBuilding/TowerControl (12)/PM_PillarSmallMetalGreen (5)"
BoxColliders does not support negative scale or size.
The effective box size has been forced positive and is likely to give unexpected collision geometry.
If you absolutely need to use negative scaling you can use the convex MeshCollider. Scene hierarchy path "StageChunks/BusTerminal2/Buildings_BusTerminal2/Tower_MusicStore_Base (2)"
BoxColliders does not support negative scale or size.
The effective box size has been forced positive and is likely to give unexpected collision geometry.
If you absolutely need to use negative scaling you can use the convex MeshCollider. Scene hierarchy path "StageChunks/TowerEntrance/Buildings_TowerEntrance/TowerIslandOutside/RocketSideBuilding/TowerControl (7)/PM_Shop4Side (11)"
BoxColliders does not support negative scale or size.
The effective box size has been forced positive and is likely to give unexpected collision geometry.
If you absolutely need to use negative scaling you can use the convex MeshCollider. Scene hierarchy path "StageChunks/TowerEntrance/Buildings_TowerEntrance/TowerIslandOutside/RocketSideBuilding/TowerControl (9)/PM_Shop4Side (12)"
BoxColliders does not support negative scale or size.
The effective box size has been forced positive and is likely to give unexpected collision geometry.
If you absolutely need to use negative scaling you can use the convex MeshCollider. Scene hierarchy path "StageChunks/TowerEntrance/Buildings_TowerEntrance/TowerIslandOutside/RocketSideBuilding/TowerControl (7)/PM_PlatformGreen (34)"
BoxColliders does not support negative scale or size.
The effective box size has been forced positive and is likely to give unexpected collision geometry.
If you absolutely need to use negative scaling you can use the convex MeshCollider. Scene hierarchy path "StageChunks/TowerEntrance/Buildings_TowerEntrance/TowerIslandOutside/RocketSideBuilding/TowerControl (9)/PM_PillarSmallMetalGreen (1)"
BoxColliders does not support negative scale or size.
The effective box size has been forced positive and is likely to give unexpected collision geometry.
If you absolutely need to use negative scaling you can use the convex MeshCollider. Scene hierarchy path "StageChunks/BusTerminal2/Props_BusTerminal2/KingFood (Bear)/SecretBoostBreakableGlassDoorBig/SGBluePillarLeft"
BoxColliders does not support negative scale or size.
The effective box size has been forced positive and is likely to give unexpected collision geometry.
If you absolutely need to use negative scaling you can use the convex MeshCollider. Scene hierarchy path "StageChunks/TowerEntrance/Buildings_TowerEntrance/TowerIslandOutside/RocketSideBuilding/TowerControl (9)/PM_PillarSmallMetalGreen (6)"
BoxColliders does not support negative scale or size.
The effective box size has been forced positive and is likely to give unexpected collision geometry.
If you absolutely need to use negative scaling you can use the convex MeshCollider. Scene hierarchy path "StageChunks/TowerEntrance/Buildings_TowerEntrance/TowerIslandOutside/RocketSideBuilding/BarredOfficeBlue (69)"
BoxColliders does not support negative scale or size.
The effective box size has been forced positive and is likely to give unexpected collision geometry.
If you absolutely need to use negative scaling you can use the convex MeshCollider. Scene hierarchy path "StageChunks/TowerEntrance/Buildings_TowerEntrance/TowerIslandOutside/RocketSideBuilding/BarredOfficeBlue (68)"
BoxColliders does not support negative scale or size.
The effective box size has been forced positive and is likely to give unexpected collision geometry.
If you absolutely need to use negative scaling you can use the convex MeshCollider. Scene hierarchy path "StageChunks/TowerEntrance/Buildings_TowerEntrance/TowerIslandOutside/RocketSideBuilding/PM_PillarSmallMetalGreen (10)"
BoxColliders does not support negative scale or size.
The effective box size has been forced positive and is likely to give unexpected collision geometry.
If you absolutely need to use negative scaling you can use the convex MeshCollider. Scene hierarchy path "StageChunks/TowerEntrance/Buildings_TowerEntrance/TowerIslandOutside/RocketSideBuilding/TowerControl (10)/PM_PillarSmallMetalGreen (3)"
BoxColliders does not support negative scale or size.
The effective box size has been forced positive and is likely to give unexpected collision geometry.
If you absolutely need to use negative scaling you can use the convex MeshCollider. Scene hierarchy path "StageChunks/TowerEntrance/Buildings_TowerEntrance/TowerIslandOutside/RocketSideBuilding/TowerControl (7)/PM_PlatformGreen (38)"
BoxColliders does not support negative scale or size.
The effective box size has been forced positive and is likely to give unexpected collision geometry.
If you absolutely need to use negative scaling you can use the convex MeshCollider. Scene hierarchy path "StageChunks/TowerEntrance/Buildings_TowerEntrance/TowerIslandOutside/RocketSideBuilding/PM_PillarSmallMetalGreen (7)"
BoxColliders does not support negative scale or size.
The effective box size has been forced positive and is likely to give unexpected collision geometry.
If you absolutely need to use negative scaling you can use the convex MeshCollider. Scene hierarchy path "StageChunks/TowerEntrance/Buildings_TowerEntrance/TowerIslandOutside/RocketSideBuilding/TowerControl (6)/PM_Shop1Back (10)"
BoxColliders does not support negative scale or size.
The effective box size has been forced positive and is likely to give unexpected collision geometry.
If you absolutely need to use negative scaling you can use the convex MeshCollider. Scene hierarchy path "StageChunks/MuseumChallenge/BaseStructures_MuseumChallenge/MuseumChallenge/Tower_BRect_Edge (23)"
Can not play a disabled audio source
Unloading 3 Unused Serialized files (Serialized files now loaded: 20)
Unloading 3256 unused Assets to reduce memory usage. Loaded Objects now: 9305.
Total: 19.677200 ms (FindLiveObjects: 0.898700 ms CreateObjectMapping: 0.705800 ms MarkObjects: 14.031400 ms  DeleteObjects: 4.040400 ms)

Setting up 6 worker threads for Enlighten.
Memory Statistics:
[ALLOC_TEMP_TLS] TLS Allocator
  StackAllocators : 
    [ALLOC_TEMP_MAIN]
      Peak usage frame count: [0-1.0 KB]: 24119 frames, [1.0 KB-2.0 KB]: 637 frames, [2.0 KB-4.0 KB]: 3 frames, [4.0 KB-8.0 KB]: 9850 frames, [8.0 KB-16.0 KB]: 2 frames, [16.0 KB-32.0 KB]: 2 frames, [32.0 KB-64.0 KB]: 656 frames, [64.0 KB-128.0 KB]: 4 frames, [128.0 KB-256.0 KB]: 1 frames, [256.0 KB-0.5 MB]: 1 frames, [0.5 MB-1.0 MB]: 12101 frames, [1.0 MB-2.0 MB]: 27 frames, [2.0 MB-4.0 MB]: 1 frames
      Initial Block Size 4.0 MB
      Current Block Size 4.0 MB
      Peak Allocated Bytes 2.1 MB
      Overflow Count 0
    [ALLOC_TEMP_Loading.AsyncRead]
      Initial Block Size 64.0 KB
      Current Block Size 128.0 KB
      Peak Allocated Bytes 127.7 KB
      Overflow Count 0
    [ALLOC_TEMP_Loading.PreloadManager]
      Initial Block Size 256.0 KB
      Current Block Size 0.5 MB
      Peak Allocated Bytes 508.9 KB
      Overflow Count 19767
    [ALLOC_TEMP_Background Job.Worker 8]
      Initial Block Size 32.0 KB
      Current Block Size 32.0 KB
      Peak Allocated Bytes 7.1 KB
      Overflow Count 0
    [ALLOC_TEMP_Job.Worker 6]
      Initial Block Size 256.0 KB
      Current Block Size 256.0 KB
      Peak Allocated Bytes 108.6 KB
      Overflow Count 0
    [ALLOC_TEMP_Job.Worker 0]
      Initial Block Size 256.0 KB
      Current Block Size 256.0 KB
      Peak Allocated Bytes 108.6 KB
      Overflow Count 0
    [ALLOC_TEMP_Background Job.Worker 10]
      Initial Block Size 32.0 KB
      Current Block Size 32.0 KB
      Peak Allocated Bytes 5.1 KB
      Overflow Count 0
    [ALLOC_TEMP_Background Job.Worker 9]
      Initial Block Size 32.0 KB
      Current Block Size 32.0 KB
      Peak Allocated Bytes 7.7 KB
      Overflow Count 0
    [ALLOC_TEMP_Job.Worker 5]
      Initial Block Size 256.0 KB
      Current Block Size 256.0 KB
      Peak Allocated Bytes 68.1 KB
      Overflow Count 0
    [ALLOC_TEMP_Background Job.Worker 14]
      Initial Block Size 32.0 KB
      Current Block Size 32.0 KB
      Peak Allocated Bytes 387 B
      Overflow Count 0
    [ALLOC_TEMP_Background Job.Worker 6]
      Initial Block Size 32.0 KB
      Current Block Size 32.0 KB
      Peak Allocated Bytes 8.0 KB
      Overflow Count 0
    [ALLOC_TEMP_Job.Worker 4]
      Initial Block Size 256.0 KB
      Current Block Size 256.0 KB
      Peak Allocated Bytes 108.6 KB
      Overflow Count 0
    [ALLOC_TEMP_Job.Worker 3]
      Initial Block Size 256.0 KB
      Current Block Size 256.0 KB
      Peak Allocated Bytes 108.6 KB
      Overflow Count 0
    [ALLOC_TEMP_Background Job.Worker 12]
      Initial Block Size 32.0 KB
      Current Block Size 32.0 KB
      Peak Allocated Bytes 6.8 KB
      Overflow Count 0
    [ALLOC_TEMP_EnlightenWorker] x 6
      Initial Block Size 64.0 KB
      Current Block Size 64.0 KB
      Peak Allocated Bytes 54 B
      Overflow Count 0
    [ALLOC_TEMP_Background Job.Worker 15]
      Initial Block Size 32.0 KB
      Current Block Size 32.0 KB
      Peak Allocated Bytes 3.6 KB
      Overflow Count 0
    [ALLOC_TEMP_Background Job.Worker 1]
      Initial Block Size 32.0 KB
      Current Block Size 32.0 KB
      Peak Allocated Bytes 435 B
      Overflow Count 0
    [ALLOC_TEMP_Background Job.Worker 2]
      Initial Block Size 32.0 KB
      Current Block Size 32.0 KB
      Peak Allocated Bytes 2.8 KB
      Overflow Count 0
    [ALLOC_TEMP_Background Job.Worker 7]
      Initial Block Size 32.0 KB
      Current Block Size 32.0 KB
      Peak Allocated Bytes 14.3 KB
      Overflow Count 0
    [ALLOC_TEMP_UnityGfxDeviceWorker]
      Initial Block Size 256.0 KB
      Current Block Size 256.0 KB
      Peak Allocated Bytes 16.4 KB
      Overflow Count 0
    [ALLOC_TEMP_AssetGarbageCollectorHelper] x 11
      Initial Block Size 64.0 KB
      Current Block Size 64.0 KB
      Peak Allocated Bytes 0 B
      Overflow Count 0
    [ALLOC_TEMP_Background Job.Worker 5]
      Initial Block Size 32.0 KB
      Current Block Size 32.0 KB
      Peak Allocated Bytes 4.4 KB
      Overflow Count 0
    [ALLOC_TEMP_Job.Worker 9]
      Initial Block Size 256.0 KB
      Current Block Size 256.0 KB
      Peak Allocated Bytes 56.2 KB
      Overflow Count 0
    [ALLOC_TEMP_Background Job.Worker 13]
      Initial Block Size 32.0 KB
      Current Block Size 32.0 KB
      Peak Allocated Bytes 3.1 KB
      Overflow Count 0
    [ALLOC_TEMP_Job.Worker 8]
      Initial Block Size 256.0 KB
      Current Block Size 256.0 KB
      Peak Allocated Bytes 32.7 KB
      Overflow Count 0
    [ALLOC_TEMP_Job.Worker 7]
      Initial Block Size 256.0 KB
      Current Block Size 256.0 KB
      Peak Allocated Bytes 56.2 KB
      Overflow Count 0
    [ALLOC_TEMP_Job.Worker 1]
      Initial Block Size 256.0 KB
      Current Block Size 256.0 KB
      Peak Allocated Bytes 108.6 KB
      Overflow Count 0
    [ALLOC_TEMP_Job.Worker 2]
      Initial Block Size 256.0 KB
      Current Block Size 256.0 KB
      Peak Allocated Bytes 108.6 KB
      Overflow Count 0
    [ALLOC_TEMP_Background Job.Worker 3]
      Initial Block Size 32.0 KB
      Current Block Size 56.0 KB
      Peak Allocated Bytes 52.5 KB
      Overflow Count 0
    [ALLOC_TEMP_Background Job.Worker 11]
      Initial Block Size 32.0 KB
      Current Block Size 32.0 KB
      Peak Allocated Bytes 13.1 KB
      Overflow Count 0
    [ALLOC_TEMP_Job.Worker 10]
      Initial Block Size 256.0 KB
      Current Block Size 256.0 KB
      Peak Allocated Bytes 74.7 KB
      Overflow Count 0
    [ALLOC_TEMP_Background Job.Worker 0]
      Initial Block Size 32.0 KB
      Current Block Size 32.0 KB
      Peak Allocated Bytes 5.0 KB
      Overflow Count 0
    [ALLOC_TEMP_Background Job.Worker 4]
      Initial Block Size 32.0 KB
      Current Block Size 32.0 KB
      Peak Allocated Bytes 14.9 KB
      Overflow Count 0
    [ALLOC_TEMP_BatchDeleteObjects]
      Initial Block Size 64.0 KB
      Current Block Size 64.0 KB
      Peak Allocated Bytes 54 B
      Overflow Count 0
[ALLOC_DEFAULT] Dual Thread Allocator
  Peak main deferred allocation count 9323
    [ALLOC_BUCKET]
      Large Block size 4.0 MB
      Used Block count 1
      Peak Allocated bytes 4.0 MB
      Failed Allocations. Bucket layout:
        16B: 3 Subsections = 3072 buckets. Failed count: 322398
        32B: 20 Subsections = 10240 buckets. Failed count: 224158
        48B: 30 Subsections = 10240 buckets. Failed count: 160157
        64B: 75 Subsections = 19200 buckets. Failed count: 412125
        80B: 21 Subsections = 4300 buckets. Failed count: 88466
        96B: 84 Subsections = 14336 buckets. Failed count: 75126
        112B: 11 Subsections = 1609 buckets. Failed count: 62970
        128B: 12 Subsections = 1536 buckets. Failed count: 102862
    [ALLOC_DEFAULT_MAIN]
      Peak usage frame count: [8.0 MB-16.0 MB]: 30136 frames, [16.0 MB-32.0 MB]: 2196 frames, [32.0 MB-64.0 MB]: 2293 frames, [64.0 MB-128.0 MB]: 12779 frames
      Requested Block Size 16.0 MB
      Peak Block count 9
      Peak Allocated memory 128.0 MB
      Peak Large allocation bytes 12.0 MB
    [ALLOC_DEFAULT_THREAD]
      Peak usage frame count: [16.0 MB-32.0 MB]: 29073 frames, [32.0 MB-64.0 MB]: 4901 frames, [64.0 MB-128.0 MB]: 13430 frames
      Requested Block Size 16.0 MB
      Peak Block count 6
      Peak Allocated memory 100.0 MB
      Peak Large allocation bytes 52.0 MB
[ALLOC_TEMP_JOB_1_FRAME]
  Initial Block Size 2.0 MB
  Used Block Count 1
  Overflow Count (too large) 0
  Overflow Count (full) 0
[ALLOC_TEMP_JOB_2_FRAMES]
  Initial Block Size 2.0 MB
  Used Block Count 1
  Overflow Count (too large) 0
  Overflow Count (full) 0
[ALLOC_TEMP_JOB_4_FRAMES (JobTemp)]
  Initial Block Size 2.0 MB
  Used Block Count 3
  Overflow Count (too large) 0
  Overflow Count (full) 0
[ALLOC_TEMP_JOB_ASYNC (Background)]
  Initial Block Size 1.0 MB
  Used Block Count 9
  Overflow Count (too large) 0
  Overflow Count (full) 0
[ALLOC_GFX] Dual Thread Allocator
  Peak main deferred allocation count 132
    [ALLOC_BUCKET]
      Large Block size 4.0 MB
      Used Block count 1
      Peak Allocated bytes 4.0 MB
      Failed Allocations. Bucket layout:
        16B: 3 Subsections = 3072 buckets. Failed count: 322398
        32B: 20 Subsections = 10240 buckets. Failed count: 224158
        48B: 30 Subsections = 10240 buckets. Failed count: 160157
        64B: 75 Subsections = 19200 buckets. Failed count: 412125
        80B: 21 Subsections = 4300 buckets. Failed count: 88466
        96B: 84 Subsections = 14336 buckets. Failed count: 75126
        112B: 11 Subsections = 1609 buckets. Failed count: 62970
        128B: 12 Subsections = 1536 buckets. Failed count: 102862
    [ALLOC_GFX_MAIN]
      Peak usage frame count: [32.0 KB-64.0 KB]: 2239 frames, [64.0 KB-128.0 KB]: 1 frames, [128.0 KB-256.0 KB]: 1 frames, [256.0 KB-0.5 MB]: 29398 frames, [0.5 MB-1.0 MB]: 1711 frames, [1.0 MB-2.0 MB]: 1056 frames, [2.0 MB-4.0 MB]: 2 frames, [4.0 MB-8.0 MB]: 3 frames, [8.0 MB-16.0 MB]: 2 frames, [16.0 MB-32.0 MB]: 12991 frames
      Requested Block Size 16.0 MB
      Peak Block count 2
      Peak Allocated memory 19.7 MB
      Peak Large allocation bytes 0 B
    [ALLOC_GFX_THREAD]
      Peak usage frame count: [8.0 KB-16.0 KB]: 1786 frames, [128.0 KB-256.0 KB]: 4 frames, [256.0 KB-0.5 MB]: 26926 frames, [0.5 MB-1.0 MB]: 72 frames, [1.0 MB-2.0 MB]: 58 frames, [2.0 MB-4.0 MB]: 2186 frames, [4.0 MB-8.0 MB]: 371 frames, [8.0 MB-16.0 MB]: 643 frames, [16.0 MB-32.0 MB]: 1365 frames, [32.0 MB-64.0 MB]: 89 frames, [64.0 MB-128.0 MB]: 13904 frames
      Requested Block Size 16.0 MB
      Peak Block count 9
      Peak Allocated memory 127.8 MB
      Peak Large allocation bytes 0 B
[ALLOC_CACHEOBJECTS] Dual Thread Allocator
  Peak main deferred allocation count 899
    [ALLOC_BUCKET]
      Large Block size 4.0 MB
      Used Block count 1
      Peak Allocated bytes 4.0 MB
      Failed Allocations. Bucket layout:
        16B: 3 Subsections = 3072 buckets. Failed count: 322398
        32B: 20 Subsections = 10240 buckets. Failed count: 224158
        48B: 30 Subsections = 10240 buckets. Failed count: 160157
        64B: 75 Subsections = 19200 buckets. Failed count: 412125
        80B: 21 Subsections = 4300 buckets. Failed count: 88466
        96B: 84 Subsections = 14336 buckets. Failed count: 75126
        112B: 11 Subsections = 1609 buckets. Failed count: 62970
        128B: 12 Subsections = 1536 buckets. Failed count: 102862
    [ALLOC_CACHEOBJECTS_MAIN]
      Peak usage frame count: [1.0 MB-2.0 MB]: 28979 frames, [2.0 MB-4.0 MB]: 3243 frames, [4.0 MB-8.0 MB]: 2398 frames, [8.0 MB-16.0 MB]: 6 frames, [16.0 MB-32.0 MB]: 12778 frames
      Requested Block Size 4.0 MB
      Peak Block count 4
      Peak Allocated memory 21.7 MB
      Peak Large allocation bytes 10.6 MB
    [ALLOC_CACHEOBJECTS_THREAD]
      Peak usage frame count: [1.0 MB-2.0 MB]: 3 frames, [2.0 MB-4.0 MB]: 210 frames, [4.0 MB-8.0 MB]: 8029 frames, [8.0 MB-16.0 MB]: 19711 frames, [16.0 MB-32.0 MB]: 2707 frames, [32.0 MB-64.0 MB]: 914 frames, [64.0 MB-128.0 MB]: 276 frames, [128.0 MB-256.0 MB]: 1046 frames, [256.0 MB-0.50 GB]: 14508 frames
      Requested Block Size 4.0 MB
      Peak Block count 103
      Peak Allocated memory 439.5 MB
      Peak Large allocation bytes 89.1 MB
[ALLOC_TYPETREE] Dual Thread Allocator
  Peak main deferred allocation count 0
    [ALLOC_BUCKET]
      Large Block size 4.0 MB
      Used Block count 1
      Peak Allocated bytes 4.0 MB
      Failed Allocations. Bucket layout:
        16B: 3 Subsections = 3072 buckets. Failed count: 322398
        32B: 20 Subsections = 10240 buckets. Failed count: 224158
        48B: 30 Subsections = 10240 buckets. Failed count: 160157
        64B: 75 Subsections = 19200 buckets. Failed count: 412125
        80B: 21 Subsections = 4300 buckets. Failed count: 88466
        96B: 84 Subsections = 14336 buckets. Failed count: 75126
        112B: 11 Subsections = 1609 buckets. Failed count: 62970
        128B: 12 Subsections = 1536 buckets. Failed count: 102862
    [ALLOC_TYPETREE_MAIN]
      Peak usage frame count: [0-1.0 KB]: 2241 frames, [1.0 KB-2.0 KB]: 45163 frames
      Requested Block Size 2.0 MB
      Peak Block count 1
      Peak Allocated memory 1.8 KB
      Peak Large allocation bytes 0 B
    [ALLOC_TYPETREE_THREAD]
      Peak usage frame count: [0.5 MB-1.0 MB]: 4 frames, [1.0 MB-2.0 MB]: 1054 frames, [2.0 MB-4.0 MB]: 29423 frames, [4.0 MB-8.0 MB]: 2446 frames, [8.0 MB-16.0 MB]: 14477 frames
      Requested Block Size 2.0 MB
      Peak Block count 5
      Peak Allocated memory 8.4 MB
      Peak Large allocation bytes 0 B
